

Microchip MPLAB XC8 Assembler V2.36 build 20220127204148 
                                                                                               Tue May 31 21:41:52 2022

Microchip MPLAB XC8 C Compiler v2.36 (Free license) build 20220127204148 Og1 
     1                           	processor	16F628A
     2                           	pagewidth 120
     3                           	opt	flic
     4                           	psect	idataBANK1,global,class=CODE,delta=2,noexec
     5                           	psect	cinit,global,class=CODE,merge=1,delta=2
     6                           	psect	dataBANK1,global,class=BANK1,space=1,delta=1,noexec
     7                           	psect	bssBANK2,global,class=BANK2,space=1,delta=1,noexec
     8                           	psect	inittext,global,class=CODE,delta=2
     9                           	psect	cstackBANK1,global,class=BANK1,space=1,delta=1,noexec
    10                           	psect	cstackCOMMON,global,class=COMMON,space=1,delta=1,noexec
    11                           	psect	cstackBANK0,global,class=BANK0,space=1,delta=1,noexec
    12                           	psect	maintext,global,class=CODE,split=1,delta=2
    13                           	psect	text1,local,class=CODE,merge=1,delta=2
    14                           	psect	text2,local,class=CODE,merge=1,delta=2,group=1
    15                           	psect	idloc,global,abs,ovrld,class=IDLOC,space=5,delta=2,noexec
    16                           	psect	config,global,abs,ovrld,class=CONFIG,space=4,delta=2,noexec
    17                           	dabs	1,0x7E,2
    18  0000                     
    19                           ; Version 2.40
    20                           ; Generated 17/11/2021 GMT
    21                           ; 
    22                           ; Copyright © 2021, Microchip Technology Inc. and its subsidiaries ("Microchip")
    23                           ; All rights reserved.
    24                           ; 
    25                           ; This software is developed by Microchip Technology Inc. and its subsidiaries ("Microch
      +                          ip").
    26                           ; 
    27                           ; Redistribution and use in source and binary forms, with or without modification, are
    28                           ; permitted provided that the following conditions are met:
    29                           ; 
    30                           ;     1. Redistributions of source code must retain the above copyright notice, this lis
      +                          t of
    31                           ;        conditions and the following disclaimer.
    32                           ; 
    33                           ;     2. Redistributions in binary form must reproduce the above copyright notice, this 
      +                          list
    34                           ;        of conditions and the following disclaimer in the documentation and/or other
    35                           ;        materials provided with the distribution. Publication is not required when
    36                           ;        this file is used in an embedded application.
    37                           ; 
    38                           ;     3. Microchip's name may not be used to endorse or promote products derived from th
      +                          is
    39                           ;        software without specific prior written permission.
    40                           ; 
    41                           ; THIS SOFTWARE IS PROVIDED BY MICROCHIP "AS IS" AND ANY EXPRESS OR IMPLIED WARRANTIES,
    42                           ; INCLUDING, BUT NOT LIMITED TO, THE IMPLIED WARRANTIES OF MERCHANTABILITY AND FITNESS F
      +                          OR
    43                           ; PURPOSE ARE DISCLAIMED.  IN NO EVENT SHALL MICROCHIP BE LIABLE FOR ANY DIRECT, INDIREC
      +                          T,
    44                           ; INCIDENTAL, SPECIAL, EXEMPLARY, OR CONSEQUENTIAL DAMAGES (INCLUDING BUT NOT LIMITED TO
    45                           ; PROCUREMENT OF SUBSTITUTE GOODS OR SERVICES; LOSS OF USE, DATA OR PROFITS; OR BUSINESS
    46                           ; INTERRUPTION) HOWSOEVER CAUSED AND ON ANY THEORY OF LIABILITY, WHETHER IN CONTRACT, ST
      +                          RICT
    47                           ; LIABILITY, OR TORT (INCLUDING NEGLIGENCE OR OTHERWISE) ARISING IN ANY WAY OUT OF THE U
      +                          SE OF
    48                           ; THIS SOFTWARE, EVEN IF ADVISED OF THE POSSIBILITY OF SUCH DAMAGE.
    49                           ; 
    50                           ; 
    51                           ; Code-generator required, PIC16F628A Definitions
    52                           ; 
    53                           ; SFR Addresses
    54  0000                     	;# 
    55  0001                     	;# 
    56  0002                     	;# 
    57  0003                     	;# 
    58  0004                     	;# 
    59  0005                     	;# 
    60  0006                     	;# 
    61  000A                     	;# 
    62  000B                     	;# 
    63  000C                     	;# 
    64  000E                     	;# 
    65  000E                     	;# 
    66  000F                     	;# 
    67  0010                     	;# 
    68  0011                     	;# 
    69  0012                     	;# 
    70  0015                     	;# 
    71  0015                     	;# 
    72  0016                     	;# 
    73  0017                     	;# 
    74  0018                     	;# 
    75  0019                     	;# 
    76  001A                     	;# 
    77  001F                     	;# 
    78  0081                     	;# 
    79  0085                     	;# 
    80  0086                     	;# 
    81  008C                     	;# 
    82  008E                     	;# 
    83  0092                     	;# 
    84  0098                     	;# 
    85  0099                     	;# 
    86  009A                     	;# 
    87  009B                     	;# 
    88  009C                     	;# 
    89  009D                     	;# 
    90  009F                     	;# 
    91  0000                     	;# 
    92  0001                     	;# 
    93  0002                     	;# 
    94  0003                     	;# 
    95  0004                     	;# 
    96  0005                     	;# 
    97  0006                     	;# 
    98  000A                     	;# 
    99  000B                     	;# 
   100  000C                     	;# 
   101  000E                     	;# 
   102  000E                     	;# 
   103  000F                     	;# 
   104  0010                     	;# 
   105  0011                     	;# 
   106  0012                     	;# 
   107  0015                     	;# 
   108  0015                     	;# 
   109  0016                     	;# 
   110  0017                     	;# 
   111  0018                     	;# 
   112  0019                     	;# 
   113  001A                     	;# 
   114  001F                     	;# 
   115  0081                     	;# 
   116  0085                     	;# 
   117  0086                     	;# 
   118  008C                     	;# 
   119  008E                     	;# 
   120  0092                     	;# 
   121  0098                     	;# 
   122  0099                     	;# 
   123  009A                     	;# 
   124  009B                     	;# 
   125  009C                     	;# 
   126  009D                     	;# 
   127  009F                     	;# 
   128                           
   129                           	psect	idataBANK1
   130  0612                     __pidataBANK1:
   131                           
   132                           ;initializer for main@F503
   133  0612  3464               	retlw	100
   134  0613  3400               	retlw	0
   135  0614  3400               	retlw	0
   136  0615  3400               	retlw	0
   137  0616  3400               	retlw	0
   138  0617  3400               	retlw	0
   139  0618  3400               	retlw	0
   140  0619  3400               	retlw	0
   141  061A  3464               	retlw	100
   142  061B  3400               	retlw	0
   143  061C  3400               	retlw	0
   144  061D  3400               	retlw	0
   145  061E  3400               	retlw	0
   146  061F  3400               	retlw	0
   147  0620  3400               	retlw	0
   148  0621  3400               	retlw	0
   149  0622  3464               	retlw	100
   150  0623  3400               	retlw	0
   151  0624  343C               	retlw	60
   152  0625  3400               	retlw	0
   153  0626  340A               	retlw	10
   154  0627  3400               	retlw	0
   155  0628  3414               	retlw	20
   156  0629  3400               	retlw	0
   157  062A  341E               	retlw	30
   158  062B  3400               	retlw	0
   159  062C  341E               	retlw	30
   160  062D  3400               	retlw	0
   161  062E  3414               	retlw	20
   162  062F  3400               	retlw	0
   163  0630  3400               	retlw	0
   164  0631  3400               	retlw	0
   165  0632  3464               	retlw	100
   166  0633  3400               	retlw	0
   167  0634  3464               	retlw	100
   168  0635  3400               	retlw	0
   169  0636  341E               	retlw	30
   170  0637  3400               	retlw	0
   171  0638  340A               	retlw	10
   172  0639  3400               	retlw	0
   173  063A  3400               	retlw	0
   174  063B  3400               	retlw	0
   175  063C  3400               	retlw	0
   176  063D  3400               	retlw	0
   177  063E  3432               	retlw	50
   178  063F  3400               	retlw	0
   179  0640  3450               	retlw	80
   180  0641  3400               	retlw	0
   181  0642  3414               	retlw	20
   182  0643  3400               	retlw	0
   183  0644  341E               	retlw	30
   184  0645  3400               	retlw	0
   185  0646  3428               	retlw	40
   186  0647  3400               	retlw	0
   187  0648  3450               	retlw	80
   188  0649  3400               	retlw	0
   189  064A  340A               	retlw	10
   190  064B  3400               	retlw	0
   191  064C  340A               	retlw	10
   192  064D  3400               	retlw	0
   193  064E  3428               	retlw	40
   194  064F  3400               	retlw	0
   195  0650  3428               	retlw	40
   196  0651  3400               	retlw	0
   197  0652  3432               	retlw	50
   198  0653  3400               	retlw	0
   199  0654  3464               	retlw	100
   200  0655  3400               	retlw	0
   201  0656  3464               	retlw	100
   202  0657  3400               	retlw	0
   203  0658  3400               	retlw	0
   204  0659  3400               	retlw	0
   205  0006                     _PORTBbits	set	6
   206  0006                     _PORTB	set	6
   207  0086                     _TRISB	set	134
   208                           
   209                           	psect	cinit
   210  07EC                     start_initialization:	
   211                           ; #config settings
   212                           
   213  07EC                     __initialization:
   214                           
   215                           ; Initialize objects allocated to BANK1
   216  07EC  1383               	bcf	3,7	;select IRP bank0
   217  07ED  30E8               	movlw	low (__pdataBANK1+72)
   218  07EE  00FD               	movwf	btemp+-1
   219  07EF  3006               	movlw	high __pidataBANK1
   220  07F0  00FE               	movwf	btemp
   221  07F1  3012               	movlw	low __pidataBANK1
   222  07F2  00FF               	movwf	btemp+1
   223  07F3  30A0               	movlw	low __pdataBANK1
   224  07F4  0084               	movwf	4
   225  07F5  25F2               	fcall	init_ram0
   226                           
   227                           ; Clear objects allocated to BANK2
   228  07F6  1283               	bcf	3,5	;RP0=0, select bank2
   229  07F7  1703               	bsf	3,6	;RP1=1, select bank2
   230  07F8  01A0               	clrf	__pbssBANK2& (0+127)
   231  07F9  01A1               	clrf	(__pbssBANK2+1)& (0+127)
   232  07FA  01A2               	clrf	(__pbssBANK2+2)& (0+127)
   233  07FB  01A3               	clrf	(__pbssBANK2+3)& (0+127)
   234  07FC  01A4               	clrf	(__pbssBANK2+4)& (0+127)
   235  07FD  01A5               	clrf	(__pbssBANK2+5)& (0+127)
   236  07FE                     end_of_initialization:	
   237                           ;End of C runtime variable initialization code
   238                           
   239  07FE                     __end_of__initialization:
   240  07FE  0183               	clrf	3
   241  07FF  2EF0               	ljmp	_main	;jump to C main() function
   242                           
   243                           	psect	dataBANK1
   244  00A0                     __pdataBANK1:
   245  00A0                     main@F503:
   246  00A0                     	ds	72
   247                           
   248                           	psect	bssBANK2
   249  0120                     __pbssBANK2:
   250  0120                     main@F510:
   251  0120                     	ds	6
   252                           
   253                           	psect	inittext
   254  05EE                     init_fetch0:	
   255                           ;	Called with low address in FSR and high address in W
   256                           
   257  05EE  087E               	movf	btemp,w
   258  05EF  008A               	movwf	10
   259  05F0  087F               	movf	btemp+1,w
   260  05F1  0082               	movwf	2
   261  05F2                     init_ram0:	
   262                           ;Called with:
   263                           ;	high address of idata address in btemp 
   264                           ;	low address of idata address in btemp+1 
   265                           ;	low address of data in FSR
   266                           ;	high address + 1 of data in btemp-1
   267                           
   268  05F2  25EE               	fcall	init_fetch0
   269  05F3  0080               	movwf	0
   270  05F4  0A84               	incf	4,f
   271  05F5  0804               	movf	4,w
   272  05F6  067D               	xorwf	btemp+-1,w
   273  05F7  1903               	btfsc	3,2
   274  05F8  3400               	retlw	0
   275  05F9  0AFF               	incf	btemp+1,f
   276  05FA  1903               	btfsc	3,2
   277  05FB  0AFE               	incf	btemp,f
   278  05FC  2DF2               	goto	init_ram0
   279                           
   280                           	psect	cstackBANK1
   281  00E8                     __pcstackBANK1:
   282  00E8                     main@inicial:
   283                           
   284                           ; 6 bytes @ 0x0
   285  00E8                     	ds	6
   286                           
   287                           	psect	cstackCOMMON
   288  0070                     __pcstackCOMMON:
   289  0070                     ?_main:
   290  0070                     ?___bmul:	
   291                           ; 1 bytes @ 0x0
   292                           
   293  0070                     ___bmul@multiplicand:	
   294                           ; 1 bytes @ 0x0
   295                           
   296                           
   297                           ; 1 bytes @ 0x0
   298  0070                     	ds	1
   299  0071                     ??___bmul:
   300                           
   301                           ; 1 bytes @ 0x1
   302  0071                     	ds	1
   303  0072                     ___bmul@product:
   304                           
   305                           ; 1 bytes @ 0x2
   306  0072                     	ds	1
   307  0073                     ___bmul@multiplier:
   308                           
   309                           ; 1 bytes @ 0x3
   310  0073                     	ds	1
   311  0074                     ?_verifica_ativos:
   312  0074                     verifica_ativos@ponteiro:	
   313                           ; 1 bytes @ 0x4
   314                           
   315                           
   316                           ; 2 bytes @ 0x4
   317  0074                     	ds	2
   318  0076                     ??_verifica_ativos:
   319                           
   320                           ; 1 bytes @ 0x6
   321  0076                     	ds	4
   322  007A                     verifica_ativos@matriz:
   323                           
   324                           ; 1 bytes @ 0xA
   325  007A                     	ds	1
   326  007B                     main@loop_atual:
   327                           
   328                           ; 2 bytes @ 0xB
   329  007B                     	ds	2
   330                           
   331                           	psect	cstackBANK0
   332  0020                     __pcstackBANK0:
   333  0020                     ??_main:
   334                           
   335                           ; 1 bytes @ 0x0
   336  0020                     	ds	4
   337  0024                     main@matriz_cores:
   338                           
   339                           ; 72 bytes @ 0x4
   340  0024                     	ds	72
   341  006C                     main@loop_cor:
   342                           
   343                           ; 2 bytes @ 0x4C
   344  006C                     	ds	2
   345  006E                     main@ponteiro_cor:
   346                           
   347                           ; 2 bytes @ 0x4E
   348  006E                     	ds	2
   349                           
   350                           	psect	maintext
   351  06F0                     __pmaintext:	
   352 ;;
   353 ;;Main: autosize = 0, tempsize = 4, incstack = 0, save=0
   354 ;;
   355 ;; *************** function _main *****************
   356 ;; Defined at:
   357 ;;		line 31 in file "rgb_custom.c"
   358 ;; Parameters:    Size  Location     Type
   359 ;;		None
   360 ;; Auto vars:     Size  Location     Type
   361 ;;  matriz_cores   72    4[BANK0 ] unsigned short [3][12]
   362 ;;  inicial         6    0[BANK1 ] unsigned short [3]
   363 ;;  ponteiro_cor    2   78[BANK0 ] unsigned short 
   364 ;;  loop_cor        2   76[BANK0 ] unsigned short 
   365 ;;  loop_atual      2   11[COMMON] unsigned short 
   366 ;; Return value:  Size  Location     Type
   367 ;;                  1    wreg      void 
   368 ;; Registers used:
   369 ;;		wreg, fsr0l, fsr0h, status,2, status,0, btemp+1, pclath, cstack
   370 ;; Tracked objects:
   371 ;;		On entry : B00/0
   372 ;;		On exit  : 0/0
   373 ;;		Unchanged: 0/0
   374 ;; Data sizes:     COMMON   BANK0   BANK1   BANK2
   375 ;;      Params:         0       0       0       0
   376 ;;      Locals:         2      76       6       0
   377 ;;      Temps:          0       4       0       0
   378 ;;      Totals:         2      80       6       0
   379 ;;Total ram usage:       88 bytes
   380 ;; Hardware stack levels required when called: 2
   381 ;; This function calls:
   382 ;;		___bmul
   383 ;;		_verifica_ativos
   384 ;; This function is called by:
   385 ;;		Startup code after reset
   386 ;; This function uses a non-reentrant model
   387 ;;
   388                           
   389  06F0                     _main:	
   390                           ;psect for function _main
   391                           
   392  06F0                     l739:	
   393                           ;incstack = 0
   394                           ; Regs used in _main: [wreg-fsr0h+status,2+status,0+btemp+1+pclath+cstack]
   395                           
   396                           
   397                           ;rgb_custom.c: 33:     {
   398  06F0  1683               	bsf	3,5	;RP0=1, select bank1
   399  06F1  1303               	bcf	3,6	;RP1=0, select bank1
   400  06F2  0186               	clrf	6	;volatile
   401                           
   402                           ;rgb_custom.c: 34:         _delay((unsigned long)((5)*(4000000/4000.0)));
   403  06F3  1283               	bcf	3,5	;RP0=0, select bank0
   404  06F4  1303               	bcf	3,6	;RP1=0, select bank0
   405  06F5  0186               	clrf	6	;volatile
   406  06F6                     l741:
   407                           
   408                           ;rgb_custom.c: 36: 
   409  06F6  3024               	movlw	main@matriz_cores& (0+255)
   410  06F7  0084               	movwf	4
   411  06F8  30A0               	movlw	low main@F503
   412  06F9  00A0               	movwf	??_main
   413  06FA  0804               	movf	4,w
   414  06FB  00A1               	movwf	??_main+1
   415  06FC  3048               	movlw	72
   416  06FD  00A2               	movwf	??_main+2
   417  06FE                     u160:
   418  06FE  0820               	movf	??_main,w
   419  06FF  0084               	movwf	4
   420  0700  1383               	bcf	3,7	;select IRP bank1
   421  0701  0800               	movf	0,w
   422  0702  00A3               	movwf	??_main+3
   423  0703  0AA0               	incf	??_main,f
   424  0704  0821               	movf	??_main+1,w
   425  0705  0084               	movwf	4
   426  0706  0823               	movf	??_main+3,w
   427  0707  0080               	movwf	0
   428  0708  0AA1               	incf	??_main+1,f
   429  0709  0BA2               	decfsz	??_main+2,f
   430  070A  2EFE               	goto	u160
   431  070B                     l743:
   432                           
   433                           ;rgb_custom.c: 51:             else
   434  070B  01EE               	clrf	main@ponteiro_cor
   435  070C  01EF               	clrf	main@ponteiro_cor+1
   436  070D                     l745:
   437                           
   438                           ;rgb_custom.c: 52:                 ponteiro_cor = 0;
   439  070D  01EC               	clrf	main@loop_cor
   440  070E  01ED               	clrf	main@loop_cor+1
   441  070F                     l747:
   442                           
   443                           ;rgb_custom.c: 53: 
   444  070F  01FB               	clrf	main@loop_atual
   445  0710  01FC               	clrf	main@loop_atual+1
   446  0711                     l749:
   447                           
   448                           ;rgb_custom.c: 55:             inicial[0] = matriz_cores[ponteiro_cor][0];
   449  0711  30E8               	movlw	main@inicial& (0+255)
   450  0712  0084               	movwf	4
   451  0713  3006               	movlw	6
   452  0714  00FF               	movwf	btemp+1
   453  0715                     u170:
   454  0715  0180               	clrf	0
   455  0716  0A84               	incf	4,f
   456  0717  0BFF               	decfsz	btemp+1,f
   457  0718  2F15               	goto	u170
   458  0719                     l751:
   459  0719  0825               	movf	main@matriz_cores+1,w
   460  071A  1683               	bsf	3,5	;RP0=1, select bank1
   461  071B  1303               	bcf	3,6	;RP1=0, select bank1
   462  071C  00E9               	movwf	(main@inicial+1)^(0+128)
   463  071D  1283               	bcf	3,5	;RP0=0, select bank0
   464  071E  1303               	bcf	3,6	;RP1=0, select bank0
   465  071F  0824               	movf	main@matriz_cores,w
   466  0720  1683               	bsf	3,5	;RP0=1, select bank1
   467  0721  1303               	bcf	3,6	;RP1=0, select bank1
   468  0722  00E8               	movwf	main@inicial^(0+128)
   469  0723                     l753:
   470  0723  1283               	bcf	3,5	;RP0=0, select bank0
   471  0724  1303               	bcf	3,6	;RP1=0, select bank0
   472  0725  0827               	movf	main@matriz_cores+3,w
   473  0726  1683               	bsf	3,5	;RP0=1, select bank1
   474  0727  1303               	bcf	3,6	;RP1=0, select bank1
   475  0728  00EB               	movwf	((main@inicial+1)^(0+128)+2)
   476  0729  1283               	bcf	3,5	;RP0=0, select bank0
   477  072A  1303               	bcf	3,6	;RP1=0, select bank0
   478  072B  0826               	movf	main@matriz_cores+2,w
   479  072C  1683               	bsf	3,5	;RP0=1, select bank1
   480  072D  1303               	bcf	3,6	;RP1=0, select bank1
   481  072E  00EA               	movwf	(main@inicial^(0+128)+2)
   482  072F                     l755:
   483  072F  1283               	bcf	3,5	;RP0=0, select bank0
   484  0730  1303               	bcf	3,6	;RP1=0, select bank0
   485  0731  0829               	movf	main@matriz_cores+5,w
   486  0732  1683               	bsf	3,5	;RP0=1, select bank1
   487  0733  1303               	bcf	3,6	;RP1=0, select bank1
   488  0734  00ED               	movwf	((main@inicial+1)^(0+128)+4)
   489  0735  1283               	bcf	3,5	;RP0=0, select bank0
   490  0736  1303               	bcf	3,6	;RP1=0, select bank0
   491  0737  0828               	movf	main@matriz_cores+4,w
   492  0738  1683               	bsf	3,5	;RP0=1, select bank1
   493  0739  1303               	bcf	3,6	;RP1=0, select bank1
   494  073A  00EC               	movwf	(main@inicial^(0+128)+4)
   495  073B                     l757:
   496                           
   497                           ;rgb_custom.c: 62: };rgb_custom.c: 63: 
   498  073B  3007               	movlw	7
   499  073C  1283               	bcf	3,5	;RP0=0, select bank0
   500  073D  1303               	bcf	3,6	;RP1=0, select bank0
   501  073E  00A1               	movwf	??_main+1
   502  073F  307C               	movlw	124
   503  0740  00A0               	movwf	??_main
   504  0741                     u217:
   505  0741  0BA0               	decfsz	??_main,f
   506  0742  2F41               	goto	u217
   507  0743  0BA1               	decfsz	??_main+1,f
   508  0744  2F41               	goto	u217
   509  0745  2F46               	nop2
   510  0746                     l759:
   511                           
   512                           ;rgb_custom.c: 64: void verifica_ativos(unsigned short matriz[12][3], unsigned short pon
      +                          teiro) {
   513  0746  3005               	movlw	5
   514  0747  1283               	bcf	3,5	;RP0=0, select bank0
   515  0748  1303               	bcf	3,6	;RP1=0, select bank0
   516  0749  07EC               	addwf	main@loop_cor,f
   517  074A  1803               	skipnc
   518  074B  0AED               	incf	main@loop_cor+1,f
   519  074C  3000               	movlw	0
   520  074D  07ED               	addwf	main@loop_cor+1,f
   521  074E                     l761:
   522                           
   523                           ;rgb_custom.c: 66:         PORTBbits.RB5 = 1;
   524  074E  086F               	movf	main@ponteiro_cor+1,w
   525  074F  00F5               	movwf	verifica_ativos@ponteiro+1
   526  0750  086E               	movf	main@ponteiro_cor,w
   527  0751  00F4               	movwf	verifica_ativos@ponteiro
   528  0752  3024               	movlw	(low (main@matriz_cores| 0))& (0+255)
   529  0753  265A               	fcall	_verifica_ativos
   530  0754                     l763:
   531                           
   532                           ;rgb_custom.c: 68:     }
   533  0754  3064               	movlw	100
   534  0755  067B               	xorwf	main@loop_atual,w
   535  0756  047C               	iorwf	main@loop_atual+1,w
   536  0757  1D03               	btfss	3,2
   537  0758  2F5A               	goto	u181
   538  0759  2F5B               	goto	u180
   539  075A                     u181:
   540  075A  2F95               	goto	l773
   541  075B                     u180:
   542  075B                     l765:
   543                           
   544                           ;rgb_custom.c: 69:     else {;rgb_custom.c: 70:         PORTBbits.RB5 = 0;
   545  075B  01FB               	clrf	main@loop_atual
   546  075C  01FC               	clrf	main@loop_atual+1
   547  075D                     l767:
   548                           
   549                           ;rgb_custom.c: 72: 
   550  075D  3006               	movlw	6
   551  075E  1283               	bcf	3,5	;RP0=0, select bank0
   552  075F  1303               	bcf	3,6	;RP1=0, select bank0
   553  0760  00A0               	movwf	??_main
   554  0761  0820               	movf	??_main,w
   555  0762  00F0               	movwf	___bmul@multiplicand
   556  0763  086E               	movf	main@ponteiro_cor,w
   557  0764  25FD               	fcall	___bmul
   558  0765  3E24               	addlw	(low (main@matriz_cores| 0))& (0+255)
   559  0766  0084               	movwf	4
   560  0767  1683               	bsf	3,5	;RP0=1, select bank1
   561  0768  1303               	bcf	3,6	;RP1=0, select bank1
   562  0769  0868               	movf	main@inicial^(0+128),w
   563  076A  1383               	bcf	3,7	;select IRP bank0
   564  076B  0080               	movwf	0
   565  076C  0A84               	incf	4,f
   566  076D  0869               	movf	(main@inicial+1)^(0+128),w
   567  076E  0080               	movwf	0
   568  076F                     l769:
   569                           
   570                           ;rgb_custom.c: 73:     if (matriz[ponteiro][1] > 0) {
   571  076F  3006               	movlw	6
   572  0770  1283               	bcf	3,5	;RP0=0, select bank0
   573  0771  1303               	bcf	3,6	;RP1=0, select bank0
   574  0772  00A0               	movwf	??_main
   575  0773  0820               	movf	??_main,w
   576  0774  00F0               	movwf	___bmul@multiplicand
   577  0775  086E               	movf	main@ponteiro_cor,w
   578  0776  25FD               	fcall	___bmul
   579  0777  3E02               	addlw	2
   580  0778  3E24               	addlw	(low (main@matriz_cores| 0))& (0+255)
   581  0779  0084               	movwf	4
   582  077A  1683               	bsf	3,5	;RP0=1, select bank1
   583  077B  1303               	bcf	3,6	;RP1=0, select bank1
   584  077C  086A               	movf	(main@inicial^(0+128)+2),w
   585  077D  1383               	bcf	3,7	;select IRP bank0
   586  077E  0080               	movwf	0
   587  077F  0A84               	incf	4,f
   588  0780  086B               	movf	((main@inicial+1)^(0+128)+2),w
   589  0781  0080               	movwf	0
   590  0782                     l771:
   591                           
   592                           ;rgb_custom.c: 74:         PORTBbits.RB6 = 1;
   593  0782  3006               	movlw	6
   594  0783  1283               	bcf	3,5	;RP0=0, select bank0
   595  0784  1303               	bcf	3,6	;RP1=0, select bank0
   596  0785  00A0               	movwf	??_main
   597  0786  0820               	movf	??_main,w
   598  0787  00F0               	movwf	___bmul@multiplicand
   599  0788  086E               	movf	main@ponteiro_cor,w
   600  0789  25FD               	fcall	___bmul
   601  078A  3E04               	addlw	4
   602  078B  3E24               	addlw	(low (main@matriz_cores| 0))& (0+255)
   603  078C  0084               	movwf	4
   604  078D  1683               	bsf	3,5	;RP0=1, select bank1
   605  078E  1303               	bcf	3,6	;RP1=0, select bank1
   606  078F  086C               	movf	(main@inicial^(0+128)+4),w
   607  0790  1383               	bcf	3,7	;select IRP bank0
   608  0791  0080               	movwf	0
   609  0792  0A84               	incf	4,f
   610  0793  086D               	movf	((main@inicial+1)^(0+128)+4),w
   611  0794  0080               	movwf	0
   612  0795                     l773:
   613                           
   614                           ;rgb_custom.c: 76:     } else {
   615  0795  30F4               	movlw	244
   616  0796  1283               	bcf	3,5	;RP0=0, select bank0
   617  0797  1303               	bcf	3,6	;RP1=0, select bank0
   618  0798  066C               	xorwf	main@loop_cor,w
   619  0799  1D03               	skipz
   620  079A  2F9F               	goto	u191
   621  079B  036D               	decf	main@loop_cor+1,w
   622  079C  1D03               	btfss	3,2
   623  079D  2F9F               	goto	u191
   624  079E  2FA0               	goto	u190
   625  079F                     u191:
   626  079F  2F3B               	goto	l757
   627  07A0                     u190:
   628  07A0                     l775:
   629                           
   630                           ;rgb_custom.c: 77:         PORTBbits.RB6 = 0;;rgb_custom.c: 78:     }
   631  07A0  3000               	movlw	0
   632  07A1  026F               	subwf	main@ponteiro_cor+1,w
   633  07A2  300C               	movlw	12
   634  07A3  1903               	skipnz
   635  07A4  026E               	subwf	main@ponteiro_cor,w
   636  07A5  1803               	skipnc
   637  07A6  2FA8               	goto	u201
   638  07A7  2FA9               	goto	u200
   639  07A8                     u201:
   640  07A8  2FB0               	goto	l779
   641  07A9                     u200:
   642  07A9                     l777:
   643                           
   644                           ;rgb_custom.c: 79: 
   645  07A9  3001               	movlw	1
   646  07AA  07EE               	addwf	main@ponteiro_cor,f
   647  07AB  1803               	skipnc
   648  07AC  0AEF               	incf	main@ponteiro_cor+1,f
   649  07AD  3000               	movlw	0
   650  07AE  07EF               	addwf	main@ponteiro_cor+1,f
   651  07AF  2FB2               	goto	l23
   652  07B0                     l779:
   653                           
   654                           ;rgb_custom.c: 81:         PORTBbits.RB7 = 1;
   655  07B0  01EE               	clrf	main@ponteiro_cor
   656  07B1  01EF               	clrf	main@ponteiro_cor+1
   657  07B2                     l23:
   658                           
   659                           ;rgb_custom.c: 83:     } else {
   660  07B2  01EC               	clrf	main@loop_cor
   661  07B3  01ED               	clrf	main@loop_cor+1
   662  07B4                     l781:
   663                           
   664                           ;rgb_custom.c: 84:         PORTBbits.RB7 = 0;
   665  07B4  3006               	movlw	6
   666  07B5  00A0               	movwf	??_main
   667  07B6  0820               	movf	??_main,w
   668  07B7  00F0               	movwf	___bmul@multiplicand
   669  07B8  086E               	movf	main@ponteiro_cor,w
   670  07B9  25FD               	fcall	___bmul
   671  07BA  3E24               	addlw	(low (main@matriz_cores| 0))& (0+255)
   672  07BB  0084               	movwf	4
   673  07BC  1383               	bcf	3,7	;select IRP bank0
   674  07BD  0800               	movf	0,w
   675  07BE  1683               	bsf	3,5	;RP0=1, select bank1
   676  07BF  1303               	bcf	3,6	;RP1=0, select bank1
   677  07C0  00E8               	movwf	main@inicial^(0+128)
   678  07C1  0A84               	incf	4,f
   679  07C2  0800               	movf	0,w
   680  07C3  00E9               	movwf	(main@inicial+1)^(0+128)
   681  07C4                     l783:
   682                           
   683                           ;rgb_custom.c: 85:     }
   684  07C4  3006               	movlw	6
   685  07C5  1283               	bcf	3,5	;RP0=0, select bank0
   686  07C6  1303               	bcf	3,6	;RP1=0, select bank0
   687  07C7  00A0               	movwf	??_main
   688  07C8  0820               	movf	??_main,w
   689  07C9  00F0               	movwf	___bmul@multiplicand
   690  07CA  086E               	movf	main@ponteiro_cor,w
   691  07CB  25FD               	fcall	___bmul
   692  07CC  3E02               	addlw	2
   693  07CD  3E24               	addlw	(low (main@matriz_cores| 0))& (0+255)
   694  07CE  0084               	movwf	4
   695  07CF  1383               	bcf	3,7	;select IRP bank0
   696  07D0  0800               	movf	0,w
   697  07D1  1683               	bsf	3,5	;RP0=1, select bank1
   698  07D2  1303               	bcf	3,6	;RP1=0, select bank1
   699  07D3  00EA               	movwf	(main@inicial^(0+128)+2)
   700  07D4  0A84               	incf	4,f
   701  07D5  0800               	movf	0,w
   702  07D6  00EB               	movwf	((main@inicial+1)^(0+128)+2)
   703  07D7                     l785:
   704                           
   705                           ;rgb_custom.c: 86: }
   706  07D7  3006               	movlw	6
   707  07D8  1283               	bcf	3,5	;RP0=0, select bank0
   708  07D9  1303               	bcf	3,6	;RP1=0, select bank0
   709  07DA  00A0               	movwf	??_main
   710  07DB  0820               	movf	??_main,w
   711  07DC  00F0               	movwf	___bmul@multiplicand
   712  07DD  086E               	movf	main@ponteiro_cor,w
   713  07DE  25FD               	fcall	___bmul
   714  07DF  3E04               	addlw	4
   715  07E0  3E24               	addlw	(low (main@matriz_cores| 0))& (0+255)
   716  07E1  0084               	movwf	4
   717  07E2  1383               	bcf	3,7	;select IRP bank0
   718  07E3  0800               	movf	0,w
   719  07E4  1683               	bsf	3,5	;RP0=1, select bank1
   720  07E5  1303               	bcf	3,6	;RP1=0, select bank1
   721  07E6  00EC               	movwf	(main@inicial^(0+128)+4)
   722  07E7  0A84               	incf	4,f
   723  07E8  0800               	movf	0,w
   724  07E9  00ED               	movwf	((main@inicial+1)^(0+128)+4)
   725  07EA  2F3B               	goto	l757
   726  07EB  2800               	ljmp	start
   727  07EC                     __end_of_main:
   728                           
   729                           	psect	text1
   730  065A                     __ptext1:	
   731 ;; *************** function _verifica_ativos *****************
   732 ;; Defined at:
   733 ;;		line 93 in file "rgb_custom.c"
   734 ;; Parameters:    Size  Location     Type
   735 ;;  matriz          1    wreg     PTR unsigned short [3]
   736 ;;		 -> main@matriz_cores(72), 
   737 ;;  ponteiro        2    4[COMMON] unsigned short 
   738 ;; Auto vars:     Size  Location     Type
   739 ;;  matriz          1   10[COMMON] PTR unsigned short [3]
   740 ;;		 -> main@matriz_cores(72), 
   741 ;; Return value:  Size  Location     Type
   742 ;;                  1    wreg      void 
   743 ;; Registers used:
   744 ;;		wreg, fsr0l, fsr0h, status,2, status,0, pclath, cstack
   745 ;; Tracked objects:
   746 ;;		On entry : 0/0
   747 ;;		On exit  : 0/0
   748 ;;		Unchanged: 0/0
   749 ;; Data sizes:     COMMON   BANK0   BANK1   BANK2
   750 ;;      Params:         2       0       0       0
   751 ;;      Locals:         1       0       0       0
   752 ;;      Temps:          4       0       0       0
   753 ;;      Totals:         7       0       0       0
   754 ;;Total ram usage:        7 bytes
   755 ;; Hardware stack levels used: 1
   756 ;; Hardware stack levels required when called: 1
   757 ;; This function calls:
   758 ;;		___bmul
   759 ;; This function is called by:
   760 ;;		_main
   761 ;; This function uses a non-reentrant model
   762 ;;
   763                           
   764  065A                     _verifica_ativos:	
   765                           ;psect for function _verifica_ativos
   766                           
   767                           
   768                           ;incstack = 0
   769                           ; Regs used in _verifica_ativos: [wreg-fsr0h+status,2+status,0+pclath+cstack]
   770                           ;verifica_ativos@matriz stored from wreg
   771  065A  00FA               	movwf	verifica_ativos@matriz
   772  065B                     l721:
   773  065B  3006               	movlw	6
   774  065C  00F6               	movwf	??_verifica_ativos
   775  065D  0876               	movf	??_verifica_ativos,w
   776  065E  00F0               	movwf	___bmul@multiplicand
   777  065F  0874               	movf	verifica_ativos@ponteiro,w
   778  0660  25FD               	fcall	___bmul
   779  0661  077A               	addwf	verifica_ativos@matriz,w
   780  0662  00F7               	movwf	??_verifica_ativos+1
   781  0663  0877               	movf	??_verifica_ativos+1,w
   782  0664  0084               	movwf	4
   783  0665  1383               	bcf	3,7	;select IRP bank0
   784  0666  0800               	movf	0,w
   785  0667  00F8               	movwf	??_verifica_ativos+2
   786  0668  0A84               	incf	4,f
   787  0669  0800               	movf	0,w
   788  066A  00F9               	movwf	??_verifica_ativos+3
   789  066B  0878               	movf	??_verifica_ativos+2,w
   790  066C  0479               	iorwf	??_verifica_ativos+3,w
   791  066D  1903               	btfsc	3,2
   792  066E  2E70               	goto	u131
   793  066F  2E71               	goto	u130
   794  0670                     u131:
   795  0670  2E88               	goto	l29
   796  0671                     u130:
   797  0671                     l723:
   798  0671  1283               	bcf	3,5	;RP0=0, select bank0
   799  0672  1303               	bcf	3,6	;RP1=0, select bank0
   800  0673  1686               	bsf	6,5	;volatile
   801  0674                     l725:
   802  0674  3006               	movlw	6
   803  0675  00F6               	movwf	??_verifica_ativos
   804  0676  0876               	movf	??_verifica_ativos,w
   805  0677  00F0               	movwf	___bmul@multiplicand
   806  0678  0874               	movf	verifica_ativos@ponteiro,w
   807  0679  25FD               	fcall	___bmul
   808  067A  077A               	addwf	verifica_ativos@matriz,w
   809  067B  00F7               	movwf	??_verifica_ativos+1
   810  067C  0877               	movf	??_verifica_ativos+1,w
   811  067D  0084               	movwf	4
   812  067E  3005               	movlw	5
   813  067F  1383               	bcf	3,7	;select IRP bank0
   814  0680  0280               	subwf	0,f
   815  0681  0F84               	incfsz	4,f
   816  0682  3000               	movlw	0
   817  0683  1C03               	skipc
   818  0684  0380               	decf	0,f
   819  0685  0280               	subwf	0,f
   820  0686  0384               	decf	4,f
   821  0687  2E8B               	goto	l727
   822  0688                     l29:
   823  0688  1283               	bcf	3,5	;RP0=0, select bank0
   824  0689  1303               	bcf	3,6	;RP1=0, select bank0
   825  068A  1286               	bcf	6,5	;volatile
   826  068B                     l727:
   827  068B  3006               	movlw	6
   828  068C  00F6               	movwf	??_verifica_ativos
   829  068D  0876               	movf	??_verifica_ativos,w
   830  068E  00F0               	movwf	___bmul@multiplicand
   831  068F  0874               	movf	verifica_ativos@ponteiro,w
   832  0690  25FD               	fcall	___bmul
   833  0691  077A               	addwf	verifica_ativos@matriz,w
   834  0692  00F7               	movwf	??_verifica_ativos+1
   835  0693  0877               	movf	??_verifica_ativos+1,w
   836  0694  3E02               	addlw	2
   837  0695  0084               	movwf	4
   838  0696  1383               	bcf	3,7	;select IRP bank0
   839  0697  0800               	movf	0,w
   840  0698  00F8               	movwf	??_verifica_ativos+2
   841  0699  0A84               	incf	4,f
   842  069A  0800               	movf	0,w
   843  069B  00F9               	movwf	??_verifica_ativos+3
   844  069C  0878               	movf	??_verifica_ativos+2,w
   845  069D  0479               	iorwf	??_verifica_ativos+3,w
   846  069E  1903               	btfsc	3,2
   847  069F  2EA1               	goto	u141
   848  06A0  2EA2               	goto	u140
   849  06A1                     u141:
   850  06A1  2EBA               	goto	l31
   851  06A2                     u140:
   852  06A2                     l729:
   853  06A2  1283               	bcf	3,5	;RP0=0, select bank0
   854  06A3  1303               	bcf	3,6	;RP1=0, select bank0
   855  06A4  1706               	bsf	6,6	;volatile
   856  06A5                     l731:
   857  06A5  3006               	movlw	6
   858  06A6  00F6               	movwf	??_verifica_ativos
   859  06A7  0876               	movf	??_verifica_ativos,w
   860  06A8  00F0               	movwf	___bmul@multiplicand
   861  06A9  0874               	movf	verifica_ativos@ponteiro,w
   862  06AA  25FD               	fcall	___bmul
   863  06AB  077A               	addwf	verifica_ativos@matriz,w
   864  06AC  00F7               	movwf	??_verifica_ativos+1
   865  06AD  0877               	movf	??_verifica_ativos+1,w
   866  06AE  3E02               	addlw	2
   867  06AF  0084               	movwf	4
   868  06B0  3005               	movlw	5
   869  06B1  1383               	bcf	3,7	;select IRP bank0
   870  06B2  0280               	subwf	0,f
   871  06B3  0F84               	incfsz	4,f
   872  06B4  3000               	movlw	0
   873  06B5  1C03               	skipc
   874  06B6  0380               	decf	0,f
   875  06B7  0280               	subwf	0,f
   876  06B8  0384               	decf	4,f
   877  06B9  2EBD               	goto	l733
   878  06BA                     l31:
   879  06BA  1283               	bcf	3,5	;RP0=0, select bank0
   880  06BB  1303               	bcf	3,6	;RP1=0, select bank0
   881  06BC  1306               	bcf	6,6	;volatile
   882  06BD                     l733:
   883  06BD  3006               	movlw	6
   884  06BE  00F6               	movwf	??_verifica_ativos
   885  06BF  0876               	movf	??_verifica_ativos,w
   886  06C0  00F0               	movwf	___bmul@multiplicand
   887  06C1  0874               	movf	verifica_ativos@ponteiro,w
   888  06C2  25FD               	fcall	___bmul
   889  06C3  077A               	addwf	verifica_ativos@matriz,w
   890  06C4  00F7               	movwf	??_verifica_ativos+1
   891  06C5  0877               	movf	??_verifica_ativos+1,w
   892  06C6  3E04               	addlw	4
   893  06C7  0084               	movwf	4
   894  06C8  1383               	bcf	3,7	;select IRP bank0
   895  06C9  0800               	movf	0,w
   896  06CA  00F8               	movwf	??_verifica_ativos+2
   897  06CB  0A84               	incf	4,f
   898  06CC  0800               	movf	0,w
   899  06CD  00F9               	movwf	??_verifica_ativos+3
   900  06CE  0878               	movf	??_verifica_ativos+2,w
   901  06CF  0479               	iorwf	??_verifica_ativos+3,w
   902  06D0  1903               	btfsc	3,2
   903  06D1  2ED3               	goto	u151
   904  06D2  2ED4               	goto	u150
   905  06D3                     u151:
   906  06D3  2EEC               	goto	l33
   907  06D4                     u150:
   908  06D4                     l735:
   909  06D4  1283               	bcf	3,5	;RP0=0, select bank0
   910  06D5  1303               	bcf	3,6	;RP1=0, select bank0
   911  06D6  1786               	bsf	6,7	;volatile
   912  06D7                     l737:
   913  06D7  3006               	movlw	6
   914  06D8  00F6               	movwf	??_verifica_ativos
   915  06D9  0876               	movf	??_verifica_ativos,w
   916  06DA  00F0               	movwf	___bmul@multiplicand
   917  06DB  0874               	movf	verifica_ativos@ponteiro,w
   918  06DC  25FD               	fcall	___bmul
   919  06DD  077A               	addwf	verifica_ativos@matriz,w
   920  06DE  00F7               	movwf	??_verifica_ativos+1
   921  06DF  0877               	movf	??_verifica_ativos+1,w
   922  06E0  3E04               	addlw	4
   923  06E1  0084               	movwf	4
   924  06E2  3005               	movlw	5
   925  06E3  1383               	bcf	3,7	;select IRP bank0
   926  06E4  0280               	subwf	0,f
   927  06E5  0F84               	incfsz	4,f
   928  06E6  3000               	movlw	0
   929  06E7  1C03               	skipc
   930  06E8  0380               	decf	0,f
   931  06E9  0280               	subwf	0,f
   932  06EA  0384               	decf	4,f
   933  06EB  2EEF               	goto	l35
   934  06EC                     l33:
   935  06EC  1283               	bcf	3,5	;RP0=0, select bank0
   936  06ED  1303               	bcf	3,6	;RP1=0, select bank0
   937  06EE  1386               	bcf	6,7	;volatile
   938  06EF                     l35:
   939  06EF  0008               	return
   940  06F0                     __end_of_verifica_ativos:
   941                           
   942                           	psect	text2
   943  05FD                     __ptext2:	
   944 ;; *************** function ___bmul *****************
   945 ;; Defined at:
   946 ;;		line 4 in file "C:\Program Files\Microchip\xc8\v2.36\pic\sources\c90\common\Umul8.c"
   947 ;; Parameters:    Size  Location     Type
   948 ;;  multiplier      1    wreg     unsigned char 
   949 ;;  multiplicand    1    0[COMMON] unsigned char 
   950 ;; Auto vars:     Size  Location     Type
   951 ;;  multiplier      1    3[COMMON] unsigned char 
   952 ;;  product         1    2[COMMON] unsigned char 
   953 ;; Return value:  Size  Location     Type
   954 ;;                  1    wreg      unsigned char 
   955 ;; Registers used:
   956 ;;		wreg, status,2, status,0
   957 ;; Tracked objects:
   958 ;;		On entry : 0/0
   959 ;;		On exit  : 0/0
   960 ;;		Unchanged: 0/0
   961 ;; Data sizes:     COMMON   BANK0   BANK1   BANK2
   962 ;;      Params:         1       0       0       0
   963 ;;      Locals:         2       0       0       0
   964 ;;      Temps:          1       0       0       0
   965 ;;      Totals:         4       0       0       0
   966 ;;Total ram usage:        4 bytes
   967 ;; Hardware stack levels used: 1
   968 ;; This function calls:
   969 ;;		Nothing
   970 ;; This function is called by:
   971 ;;		_main
   972 ;;		_verifica_ativos
   973 ;; This function uses a non-reentrant model
   974 ;;
   975                           
   976  05FD                     ___bmul:	
   977                           ;psect for function ___bmul
   978                           
   979                           
   980                           ;incstack = 0
   981                           ; Regs used in ___bmul: [wreg+status,2+status,0]
   982                           ;___bmul@multiplier stored from wreg
   983  05FD  00F3               	movwf	___bmul@multiplier
   984  05FE                     l707:
   985  05FE  01F2               	clrf	___bmul@product
   986  05FF                     l709:
   987  05FF  1C73               	btfss	___bmul@multiplier,0
   988  0600  2E02               	goto	u111
   989  0601  2E03               	goto	u110
   990  0602                     u111:
   991  0602  2E07               	goto	l713
   992  0603                     u110:
   993  0603                     l711:
   994  0603  0870               	movf	___bmul@multiplicand,w
   995  0604  00F1               	movwf	??___bmul
   996  0605  0871               	movf	??___bmul,w
   997  0606  07F2               	addwf	___bmul@product,f
   998  0607                     l713:
   999  0607  1003               	clrc
  1000  0608  0DF0               	rlf	___bmul@multiplicand,f
  1001  0609                     l715:
  1002  0609  1003               	clrc
  1003  060A  0CF3               	rrf	___bmul@multiplier,f
  1004  060B  0873               	movf	___bmul@multiplier,w
  1005  060C  1D03               	btfss	3,2
  1006  060D  2E0F               	goto	u121
  1007  060E  2E10               	goto	u120
  1008  060F                     u121:
  1009  060F  2DFF               	goto	l709
  1010  0610                     u120:
  1011  0610                     l717:
  1012  0610  0872               	movf	___bmul@product,w
  1013  0611                     l147:
  1014  0611  0008               	return
  1015  0612                     __end_of___bmul:
  1016  007E                     btemp	set	126	;btemp
  1017  007E                     wtemp0	set	126
  1018                           
  1019                           	psect	idloc
  1020                           
  1021                           ;Config register IDLOC0 @ 0x2000
  1022                           ;	unspecified, using default values
  1023  2000                     	org	8192
  1024  2000  3FFF               	dw	16383
  1025                           
  1026                           ;Config register IDLOC1 @ 0x2001
  1027                           ;	unspecified, using default values
  1028  2001                     	org	8193
  1029  2001  3FFF               	dw	16383
  1030                           
  1031                           ;Config register IDLOC2 @ 0x2002
  1032                           ;	unspecified, using default values
  1033  2002                     	org	8194
  1034  2002  3FFF               	dw	16383
  1035                           
  1036                           ;Config register IDLOC3 @ 0x2003
  1037                           ;	unspecified, using default values
  1038  2003                     	org	8195
  1039  2003  3FFF               	dw	16383
  1040                           
  1041                           	psect	config
  1042                           
  1043                           ;Config register CONFIG @ 0x2007
  1044                           ;	Oscillator Selection bits
  1045                           ;	FOSC = XT, XT oscillator: Crystal/resonator on RA6/OSC2/CLKOUT and RA7/OSC1/CLKIN
  1046                           ;	Watchdog Timer Enable bit
  1047                           ;	WDTE = OFF, WDT disabled
  1048                           ;	Power-up Timer Enable bit
  1049                           ;	PWRTE = OFF, PWRT disabled
  1050                           ;	RA5/MCLR/VPP Pin Function Select bit
  1051                           ;	MCLRE = ON, RA5/MCLR/VPP pin function is MCLR
  1052                           ;	Brown-out Detect Enable bit
  1053                           ;	BOREN = OFF, BOD disabled
  1054                           ;	Low-Voltage Programming Enable bit
  1055                           ;	LVP = OFF, RB4/PGM pin has digital I/O function, HV on MCLR must be used for programmi
      +                          ng
  1056                           ;	Data EE Memory Code Protection bit
  1057                           ;	CPD = OFF, Data memory code protection off
  1058                           ;	Flash Program Memory Code Protection bit
  1059                           ;	CP = OFF, Code protection off
  1060  2007                     	org	8199
  1061  2007  3F29               	dw	16169

Data Sizes:
    Strings     0
    Constant    0
    Data        72
    BSS         6
    Persistent  0
    Stack       0

Auto Spaces:
    Space          Size  Autos    Used
    COMMON           14     13      13
    BANK0            80     80      80
    BANK1            80      6      78
    BANK2            48      0       6

Pointer List with Targets:

    verifica_ativos@matriz	PTR unsigned short [3] size(1) Largest target is 72
		 -> main@matriz_cores(BANK0[72]), 


Critical Paths under _main in COMMON

    _main->_verifica_ativos
    _verifica_ativos->___bmul

Critical Paths under _main in BANK0

    None.

Critical Paths under _main in BANK1

    None.

Critical Paths under _main in BANK2

    None.

Call Graph Tables:

 ---------------------------------------------------------------------------------
 (Depth) Function   	        Calls       Base Space   Used Autos Params    Refs
 ---------------------------------------------------------------------------------
 (0) _main                                                88    88      0    2141
                                             11 COMMON     2     2      0
                                              0 BANK0     80    80      0
                                              0 BANK1      6     6      0
                             ___bmul
                    _verifica_ativos
 ---------------------------------------------------------------------------------
 (1) _verifica_ativos                                      7     5      2     939
                                              4 COMMON     7     5      2
                             ___bmul
 ---------------------------------------------------------------------------------
 (2) ___bmul                                               4     3      1     566
                                              0 COMMON     4     3      1
 ---------------------------------------------------------------------------------
 Estimated maximum stack depth 2
 ---------------------------------------------------------------------------------

 Call Graph Graphs:

 _main (ROOT)
   ___bmul
   _verifica_ativos
     ___bmul

 Address spaces:
Name               Size   Autos  Total    Cost      Usage
SFR3                 0      0       0       4        0.0%
BITSFR3              0      0       0       4        0.0%
BANK2               30      0       6       9       12.5%
BITBANK2            30      0       0       8        0.0%
SFR2                 0      0       0       5        0.0%
BITSFR2              0      0       0       5        0.0%
BANK1               50      6      4E       7       97.5%
BITBANK1            50      0       0       6        0.0%
SFR1                 0      0       0       2        0.0%
BITSFR1              0      0       0       2        0.0%
BANK0               50     50      50       3      100.0%
BITBANK0            50      0       0       5        0.0%
SFR0                 0      0       0       1        0.0%
BITSFR0              0      0       0       1        0.0%
COMMON               E      D       D       1       92.9%
BITCOMMON            E      0       0       0        0.0%
CODE                 0      0       0       0        0.0%
DATA                 0      0      B1      10        0.0%
ABS                  0      0      B1       4        0.0%
NULL                 0      0       0       0        0.0%
STACK                0      0       0       2        0.0%
EEDATA              80      0       0       0        0.0%


Microchip Technology PIC Macro Assembler V2.36 build 20220127204148 
Symbol Table                                                                                   Tue May 31 21:41:52 2022

                      pc 0002           ___bmul@product 0072                       l31 06BA  
                     l23 07B2                       l33 06EC                       l35 06EF  
                     l29 0688                       fsr 0004                      l147 0611  
                    l711 0603                      l713 0607                      l721 065B  
                    l715 0609                      l707 05FE                      l731 06A5  
                    l723 0671                      l717 0610                      l709 05FF  
                    l733 06BD                      l725 0674                      l741 06F6  
                    l735 06D4                      l727 068B                      l751 0719  
                    l743 070B                      l737 06D7                      l729 06A2  
                    l761 074E                      l753 0723                      l745 070D  
                    l771 0782                      l763 0754                      l755 072F  
                    l747 070F                      l739 06F0                      l781 07B4  
                    l765 075B                      l773 0795                      l757 073B  
                    l749 0711                      l783 07C4                      l775 07A0  
                    l767 075D                      l759 0746                      l785 07D7  
                    l777 07A9                      l769 076F                      l779 07B0  
                    u110 0603                      u111 0602                      u120 0610  
                    u200 07A9                      u121 060F                      u201 07A8  
                    u130 0671                      u131 0670                      u140 06A2  
                    u141 06A1                      u150 06D4                      u151 06D3  
                    u160 06FE                      u217 0741                      u170 0715  
                    u180 075B                      u181 075A                      u190 07A0  
                    u191 079F                      fsr0 0004                      indf 0000  
            main@inicial 00E8                     _main 06F0                     btemp 007E  
                   start 0000        ___bmul@multiplier 0073         ?_verifica_ativos 0074  
                  ?_main 0070                    _PORTB 0006                    _TRISB 0086  
           main@loop_cor 006C                    pclath 000A                    status 0003  
                  wtemp0 007E          __initialization 07EC             __end_of_main 07EC  
                 ??_main 0020                   ___bmul 05FD    verifica_ativos@matriz 007A  
__end_of__initialization 07FE      ___bmul@multiplicand 0070           __pcstackCOMMON 0070  
           __pidataBANK1 0612               __pbssBANK2 0120               __pmaintext 06F0  
                ?___bmul 0070           main@loop_atual 007B                  __ptext1 065A  
                __ptext2 05FD     end_of_initialization 07FE                _PORTBbits 0006  
         __end_of___bmul 0612         main@matriz_cores 0024      start_initialization 07EC  
      ??_verifica_ativos 0076                 ??___bmul 0071               init_fetch0 05EE  
            __pdataBANK1 00A0                ___latbits 0000            __pcstackBANK0 0020  
          __pcstackBANK1 00E8          _verifica_ativos 065A         main@ponteiro_cor 006E  
               main@F510 0120                 main@F503 00A0                 init_ram0 05F2  
__end_of_verifica_ativos 06F0  verifica_ativos@ponteiro 0074  
